<?xml version="1.0" encoding="UTF-8"?>
<!-- Generated by org.testng.reporters.JUnitXMLReporter -->
<testsuite ignored="0" hostname="LongNhat" failures="0" tests="4" name="Default test" time="0.045" errors="0" timestamp="2025-04-09T10:12:45 ICT">
  <testcase classname="com.poly.CalculatorTest" name="testAdd" time="0.009"/>
  <testcase classname="com.poly.CalculatorTest" name="testDivideByZero" time="0.001"/>
  <testcase classname="com.poly.CalculatorTest" name="testMultiply" time="0.001"/>
  <testcase classname="com.poly.CalculatorTest" name="testSubtract" time="0.001"/>
</testsuite> <!-- Default test -->
